{"C:\\Users\\kgj18\\OneDrive\\Escritorio\\DesarrolloSoftware-main\\DesarrolloSoftware\\backend\\controllers\\products.controller.js": {"path":"C:\\Users\\kgj18\\OneDrive\\Escritorio\\DesarrolloSoftware-main\\DesarrolloSoftware\\backend\\controllers\\products.controller.js","statementMap":{"0":{"start":{"line":4,"column":13},"end":{"line":4,"column":29}},"1":{"start":{"line":5,"column":11},"end":{"line":5,"column":24}},"2":{"start":{"line":6,"column":13},"end":{"line":6,"column":28}},"3":{"start":{"line":12,"column":2},"end":{"line":18,"column":3}},"4":{"start":{"line":13,"column":19},"end":{"line":13,"column":61}},"5":{"start":{"line":14,"column":4},"end":{"line":14,"column":43}},"6":{"start":{"line":16,"column":4},"end":{"line":16,"column":23}},"7":{"start":{"line":17,"column":4},"end":{"line":17,"column":79}},"8":{"start":{"line":25,"column":2},"end":{"line":36,"column":3}},"9":{"start":{"line":26,"column":16},"end":{"line":31,"column":5}},"10":{"start":{"line":32,"column":19},"end":{"line":32,"column":40}},"11":{"start":{"line":33,"column":4},"end":{"line":33,"column":43}},"12":{"start":{"line":35,"column":4},"end":{"line":35,"column":95}},"13":{"start":{"line":43,"column":2},"end":{"line":63,"column":3}},"14":{"start":{"line":44,"column":63},"end":{"line":44,"column":71}},"15":{"start":{"line":45,"column":19},"end":{"line":45,"column":54}},"16":{"start":{"line":47,"column":4},"end":{"line":49,"column":5}},"17":{"start":{"line":48,"column":6},"end":{"line":48,"column":101}},"18":{"start":{"line":51,"column":21},"end":{"line":54,"column":5}},"19":{"start":{"line":56,"column":4},"end":{"line":60,"column":7}},"20":{"start":{"line":62,"column":4},"end":{"line":62,"column":62}},"21":{"start":{"line":70,"column":17},"end":{"line":70,"column":27}},"22":{"start":{"line":71,"column":61},"end":{"line":71,"column":69}},"23":{"start":{"line":72,"column":22},"end":{"line":72,"column":57}},"24":{"start":{"line":74,"column":2},"end":{"line":100,"column":3}},"25":{"start":{"line":76,"column":4},"end":{"line":82,"column":5}},"26":{"start":{"line":77,"column":21},"end":{"line":77,"column":95}},"27":{"start":{"line":78,"column":6},"end":{"line":81,"column":7}},"28":{"start":{"line":79,"column":24},"end":{"line":79,"column":75}},"29":{"start":{"line":80,"column":8},"end":{"line":80,"column":59}},"30":{"start":{"line":80,"column":36},"end":{"line":80,"column":59}},"31":{"start":{"line":85,"column":14},"end":{"line":85,"column":94}},"32":{"start":{"line":86,"column":19},"end":{"line":86,"column":67}},"33":{"start":{"line":88,"column":4},"end":{"line":91,"column":5}},"34":{"start":{"line":89,"column":6},"end":{"line":89,"column":26}},"35":{"start":{"line":90,"column":6},"end":{"line":90,"column":31}},"36":{"start":{"line":93,"column":4},"end":{"line":93,"column":33}},"37":{"start":{"line":94,"column":4},"end":{"line":94,"column":20}},"38":{"start":{"line":96,"column":4},"end":{"line":96,"column":34}},"39":{"start":{"line":97,"column":4},"end":{"line":97,"column":60}},"40":{"start":{"line":99,"column":4},"end":{"line":99,"column":62}},"41":{"start":{"line":107,"column":17},"end":{"line":107,"column":27}},"42":{"start":{"line":108,"column":2},"end":{"line":129,"column":3}},"43":{"start":{"line":110,"column":19},"end":{"line":110,"column":93}},"44":{"start":{"line":112,"column":4},"end":{"line":117,"column":5}},"45":{"start":{"line":113,"column":23},"end":{"line":113,"column":74}},"46":{"start":{"line":114,"column":6},"end":{"line":116,"column":7}},"47":{"start":{"line":115,"column":8},"end":{"line":115,"column":32}},"48":{"start":{"line":120,"column":21},"end":{"line":120,"column":88}},"49":{"start":{"line":122,"column":4},"end":{"line":124,"column":5}},"50":{"start":{"line":123,"column":6},"end":{"line":123,"column":84}},"51":{"start":{"line":126,"column":4},"end":{"line":126,"column":82}},"52":{"start":{"line":128,"column":4},"end":{"line":128,"column":79}},"53":{"start":{"line":132,"column":0},"end":{"line":132,"column":40}},"54":{"start":{"line":133,"column":0},"end":{"line":133,"column":60}},"55":{"start":{"line":134,"column":0},"end":{"line":134,"column":32}},"56":{"start":{"line":135,"column":0},"end":{"line":135,"column":38}},"57":{"start":{"line":136,"column":0},"end":{"line":136,"column":38}}},"fnMap":{"0":{"name":"getAllProducts","decl":{"start":{"line":11,"column":15},"end":{"line":11,"column":29}},"loc":{"start":{"line":11,"column":40},"end":{"line":19,"column":1}},"line":11},"1":{"name":"getProductsWithProviders","decl":{"start":{"line":24,"column":15},"end":{"line":24,"column":39}},"loc":{"start":{"line":24,"column":50},"end":{"line":37,"column":1}},"line":24},"2":{"name":"addProduct","decl":{"start":{"line":42,"column":15},"end":{"line":42,"column":25}},"loc":{"start":{"line":42,"column":36},"end":{"line":64,"column":1}},"line":42},"3":{"name":"updateProduct","decl":{"start":{"line":69,"column":15},"end":{"line":69,"column":28}},"loc":{"start":{"line":69,"column":39},"end":{"line":101,"column":1}},"line":69},"4":{"name":"deleteProduct","decl":{"start":{"line":106,"column":15},"end":{"line":106,"column":28}},"loc":{"start":{"line":106,"column":39},"end":{"line":130,"column":1}},"line":106}},"branchMap":{"0":{"loc":{"start":{"line":45,"column":19},"end":{"line":45,"column":54}},"type":"cond-expr","locations":[{"start":{"line":45,"column":30},"end":{"line":45,"column":47}},{"start":{"line":45,"column":50},"end":{"line":45,"column":54}}],"line":45},"1":{"loc":{"start":{"line":47,"column":4},"end":{"line":49,"column":5}},"type":"if","locations":[{"start":{"line":47,"column":4},"end":{"line":49,"column":5}},{"start":{},"end":{}}],"line":47},"2":{"loc":{"start":{"line":47,"column":8},"end":{"line":47,"column":36}},"type":"binary-expr","locations":[{"start":{"line":47,"column":8},"end":{"line":47,"column":15}},{"start":{"line":47,"column":19},"end":{"line":47,"column":26}},{"start":{"line":47,"column":30},"end":{"line":47,"column":36}}],"line":47},"3":{"loc":{"start":{"line":53,"column":26},"end":{"line":53,"column":39}},"type":"binary-expr","locations":[{"start":{"line":53,"column":26},"end":{"line":53,"column":31}},{"start":{"line":53,"column":35},"end":{"line":53,"column":39}}],"line":53},"4":{"loc":{"start":{"line":53,"column":41},"end":{"line":53,"column":54}},"type":"binary-expr","locations":[{"start":{"line":53,"column":41},"end":{"line":53,"column":46}},{"start":{"line":53,"column":50},"end":{"line":53,"column":54}}],"line":53},"5":{"loc":{"start":{"line":72,"column":22},"end":{"line":72,"column":57}},"type":"cond-expr","locations":[{"start":{"line":72,"column":33},"end":{"line":72,"column":50}},{"start":{"line":72,"column":53},"end":{"line":72,"column":57}}],"line":72},"6":{"loc":{"start":{"line":76,"column":4},"end":{"line":82,"column":5}},"type":"if","locations":[{"start":{"line":76,"column":4},"end":{"line":82,"column":5}},{"start":{},"end":{}}],"line":76},"7":{"loc":{"start":{"line":78,"column":6},"end":{"line":81,"column":7}},"type":"if","locations":[{"start":{"line":78,"column":6},"end":{"line":81,"column":7}},{"start":{},"end":{}}],"line":78},"8":{"loc":{"start":{"line":78,"column":10},"end":{"line":78,"column":43}},"type":"binary-expr","locations":[{"start":{"line":78,"column":10},"end":{"line":78,"column":25}},{"start":{"line":78,"column":29},"end":{"line":78,"column":43}}],"line":78},"9":{"loc":{"start":{"line":80,"column":8},"end":{"line":80,"column":59}},"type":"if","locations":[{"start":{"line":80,"column":8},"end":{"line":80,"column":59}},{"start":{},"end":{}}],"line":80},"10":{"loc":{"start":{"line":88,"column":4},"end":{"line":91,"column":5}},"type":"if","locations":[{"start":{"line":88,"column":4},"end":{"line":91,"column":5}},{"start":{},"end":{}}],"line":88},"11":{"loc":{"start":{"line":112,"column":4},"end":{"line":117,"column":5}},"type":"if","locations":[{"start":{"line":112,"column":4},"end":{"line":117,"column":5}},{"start":{},"end":{}}],"line":112},"12":{"loc":{"start":{"line":112,"column":8},"end":{"line":112,"column":41}},"type":"binary-expr","locations":[{"start":{"line":112,"column":8},"end":{"line":112,"column":23}},{"start":{"line":112,"column":27},"end":{"line":112,"column":41}}],"line":112},"13":{"loc":{"start":{"line":114,"column":6},"end":{"line":116,"column":7}},"type":"if","locations":[{"start":{"line":114,"column":6},"end":{"line":116,"column":7}},{"start":{},"end":{}}],"line":114},"14":{"loc":{"start":{"line":122,"column":4},"end":{"line":124,"column":5}},"type":"if","locations":[{"start":{"line":122,"column":4},"end":{"line":124,"column":5}},{"start":{},"end":{}}],"line":122}},"s":{"0":1,"1":1,"2":1,"3":1,"4":1,"5":1,"6":0,"7":0,"8":1,"9":1,"10":1,"11":1,"12":0,"13":2,"14":2,"15":2,"16":2,"17":1,"18":1,"19":1,"20":0,"21":1,"22":1,"23":1,"24":1,"25":1,"26":1,"27":1,"28":1,"29":1,"30":1,"31":1,"32":1,"33":1,"34":1,"35":1,"36":1,"37":1,"38":1,"39":1,"40":0,"41":2,"42":2,"43":2,"44":2,"45":1,"46":1,"47":1,"48":2,"49":2,"50":1,"51":1,"52":0,"53":1,"54":1,"55":1,"56":1,"57":1},"f":{"0":1,"1":1,"2":2,"3":1,"4":2},"b":{"0":[1,1],"1":[1,1],"2":[2,2,1],"3":[1,1],"4":[1,1],"5":[1,0],"6":[1,0],"7":[1,0],"8":[1,1],"9":[1,0],"10":[1,0],"11":[1,1],"12":[2,1],"13":[1,0],"14":[1,1]},"_coverageSchema":"1a1c01bbd47fc00a2c39e90264f33305004495a9","hash":"d360a9bbf489e92410d157141a1aab07a8b61bb5"}
,"C:\\Users\\kgj18\\OneDrive\\Escritorio\\DesarrolloSoftware-main\\DesarrolloSoftware\\backend\\controllers\\users.controller.js": {"path":"C:\\Users\\kgj18\\OneDrive\\Escritorio\\DesarrolloSoftware-main\\DesarrolloSoftware\\backend\\controllers\\users.controller.js","statementMap":{"0":{"start":{"line":4,"column":13},"end":{"line":4,"column":29}},"1":{"start":{"line":5,"column":15},"end":{"line":5,"column":32}},"2":{"start":{"line":11,"column":2},"end":{"line":17,"column":3}},"3":{"start":{"line":12,"column":19},"end":{"line":12,"column":106}},"4":{"start":{"line":13,"column":4},"end":{"line":13,"column":40}},"5":{"start":{"line":15,"column":4},"end":{"line":15,"column":53}},"6":{"start":{"line":16,"column":4},"end":{"line":16,"column":78}},"7":{"start":{"line":24,"column":2},"end":{"line":49,"column":3}},"8":{"start":{"line":25,"column":53},"end":{"line":25,"column":61}},"9":{"start":{"line":26,"column":24},"end":{"line":26,"column":90}},"10":{"start":{"line":28,"column":4},"end":{"line":30,"column":5}},"11":{"start":{"line":29,"column":6},"end":{"line":29,"column":106}},"12":{"start":{"line":32,"column":23},"end":{"line":32,"column":91}},"13":{"start":{"line":33,"column":4},"end":{"line":35,"column":5}},"14":{"start":{"line":34,"column":6},"end":{"line":34,"column":92}},"15":{"start":{"line":37,"column":23},"end":{"line":37,"column":25}},"16":{"start":{"line":38,"column":27},"end":{"line":38,"column":69}},"17":{"start":{"line":40,"column":21},"end":{"line":43,"column":5}},"18":{"start":{"line":45,"column":4},"end":{"line":45,"column":104}},"19":{"start":{"line":47,"column":4},"end":{"line":47,"column":45}},"20":{"start":{"line":48,"column":4},"end":{"line":48,"column":79}},"21":{"start":{"line":56,"column":33},"end":{"line":56,"column":41}},"22":{"start":{"line":57,"column":2},"end":{"line":74,"column":3}},"23":{"start":{"line":58,"column":22},"end":{"line":58,"column":90}},"24":{"start":{"line":59,"column":4},"end":{"line":61,"column":5}},"25":{"start":{"line":60,"column":6},"end":{"line":60,"column":83}},"26":{"start":{"line":63,"column":17},"end":{"line":63,"column":27}},"27":{"start":{"line":64,"column":18},"end":{"line":64,"column":67}},"28":{"start":{"line":65,"column":4},"end":{"line":67,"column":5}},"29":{"start":{"line":66,"column":6},"end":{"line":66,"column":83}},"30":{"start":{"line":69,"column":4},"end":{"line":69,"column":27}},"31":{"start":{"line":70,"column":4},"end":{"line":70,"column":33}},"32":{"start":{"line":72,"column":4},"end":{"line":72,"column":42}},"33":{"start":{"line":73,"column":4},"end":{"line":73,"column":76}},"34":{"start":{"line":81,"column":17},"end":{"line":81,"column":27}},"35":{"start":{"line":82,"column":2},"end":{"line":87,"column":3}},"36":{"start":{"line":83,"column":4},"end":{"line":83,"column":70}},"37":{"start":{"line":84,"column":4},"end":{"line":84,"column":57}},"38":{"start":{"line":86,"column":4},"end":{"line":86,"column":109}},"39":{"start":{"line":90,"column":0},"end":{"line":90,"column":34}},"40":{"start":{"line":91,"column":0},"end":{"line":91,"column":36}},"41":{"start":{"line":92,"column":0},"end":{"line":92,"column":30}},"42":{"start":{"line":93,"column":0},"end":{"line":93,"column":32}}},"fnMap":{"0":{"name":"getAllUsers","decl":{"start":{"line":10,"column":15},"end":{"line":10,"column":26}},"loc":{"start":{"line":10,"column":37},"end":{"line":18,"column":1}},"line":10},"1":{"name":"registerUser","decl":{"start":{"line":23,"column":15},"end":{"line":23,"column":27}},"loc":{"start":{"line":23,"column":38},"end":{"line":50,"column":1}},"line":23},"2":{"name":"loginUser","decl":{"start":{"line":55,"column":15},"end":{"line":55,"column":24}},"loc":{"start":{"line":55,"column":35},"end":{"line":75,"column":1}},"line":55},"3":{"name":"deleteUser","decl":{"start":{"line":80,"column":15},"end":{"line":80,"column":25}},"loc":{"start":{"line":80,"column":36},"end":{"line":88,"column":1}},"line":80}},"branchMap":{"0":{"loc":{"start":{"line":26,"column":24},"end":{"line":26,"column":90}},"type":"binary-expr","locations":[{"start":{"line":26,"column":24},"end":{"line":26,"column":46}},{"start":{"line":26,"column":50},"end":{"line":26,"column":69}},{"start":{"line":26,"column":73},"end":{"line":26,"column":90}}],"line":26},"1":{"loc":{"start":{"line":28,"column":4},"end":{"line":30,"column":5}},"type":"if","locations":[{"start":{"line":28,"column":4},"end":{"line":30,"column":5}},{"start":{},"end":{}}],"line":28},"2":{"loc":{"start":{"line":28,"column":8},"end":{"line":28,"column":43}},"type":"binary-expr","locations":[{"start":{"line":28,"column":8},"end":{"line":28,"column":16}},{"start":{"line":28,"column":20},"end":{"line":28,"column":27}},{"start":{"line":28,"column":31},"end":{"line":28,"column":43}}],"line":28},"3":{"loc":{"start":{"line":33,"column":4},"end":{"line":35,"column":5}},"type":"if","locations":[{"start":{"line":33,"column":4},"end":{"line":35,"column":5}},{"start":{},"end":{}}],"line":33},"4":{"loc":{"start":{"line":42,"column":40},"end":{"line":42,"column":56}},"type":"binary-expr","locations":[{"start":{"line":42,"column":40},"end":{"line":42,"column":48}},{"start":{"line":42,"column":52},"end":{"line":42,"column":56}}],"line":42},"5":{"loc":{"start":{"line":42,"column":58},"end":{"line":42,"column":75}},"type":"binary-expr","locations":[{"start":{"line":42,"column":58},"end":{"line":42,"column":67}},{"start":{"line":42,"column":71},"end":{"line":42,"column":75}}],"line":42},"6":{"loc":{"start":{"line":59,"column":4},"end":{"line":61,"column":5}},"type":"if","locations":[{"start":{"line":59,"column":4},"end":{"line":61,"column":5}},{"start":{},"end":{}}],"line":59},"7":{"loc":{"start":{"line":65,"column":4},"end":{"line":67,"column":5}},"type":"if","locations":[{"start":{"line":65,"column":4},"end":{"line":67,"column":5}},{"start":{},"end":{}}],"line":65}},"s":{"0":1,"1":1,"2":1,"3":1,"4":1,"5":0,"6":0,"7":3,"8":3,"9":3,"10":3,"11":1,"12":2,"13":2,"14":1,"15":1,"16":1,"17":1,"18":1,"19":0,"20":0,"21":3,"22":3,"23":3,"24":3,"25":1,"26":2,"27":2,"28":2,"29":1,"30":1,"31":1,"32":0,"33":0,"34":2,"35":2,"36":2,"37":1,"38":1,"39":1,"40":1,"41":1,"42":1},"f":{"0":1,"1":3,"2":3,"3":2},"b":{"0":[3,1,1],"1":[1,2],"2":[3,3,3],"3":[1,1],"4":[1,0],"5":[1,0],"6":[1,2],"7":[1,1]},"_coverageSchema":"1a1c01bbd47fc00a2c39e90264f33305004495a9","hash":"e32c433057da645ab6cd2fb971e68a41b07fa026"}
}
