TN:
SF:controllers\products.controller.js
FN:11,getAllProducts
FN:24,getProductsWithProviders
FN:42,addProduct
FN:69,updateProduct
FN:106,deleteProduct
FNF:5
FNH:5
FNDA:1,getAllProducts
FNDA:1,getProductsWithProviders
FNDA:2,addProduct
FNDA:1,updateProduct
FNDA:2,deleteProduct
DA:4,1
DA:5,1
DA:6,1
DA:12,1
DA:13,1
DA:14,1
DA:16,0
DA:17,0
DA:25,1
DA:26,1
DA:32,1
DA:33,1
DA:35,0
DA:43,2
DA:44,2
DA:45,2
DA:47,2
DA:48,1
DA:51,1
DA:56,1
DA:62,0
DA:70,1
DA:71,1
DA:72,1
DA:74,1
DA:76,1
DA:77,1
DA:78,1
DA:79,1
DA:80,1
DA:85,1
DA:86,1
DA:88,1
DA:89,1
DA:90,1
DA:93,1
DA:94,1
DA:96,1
DA:97,1
DA:99,0
DA:107,2
DA:108,2
DA:110,2
DA:112,2
DA:113,1
DA:114,1
DA:115,1
DA:120,2
DA:122,2
DA:123,1
DA:126,1
DA:128,0
DA:132,1
DA:133,1
DA:134,1
DA:135,1
DA:136,1
LF:57
LH:51
BRDA:45,0,0,1
BRDA:45,0,1,1
BRDA:47,1,0,1
BRDA:47,1,1,1
BRDA:47,2,0,2
BRDA:47,2,1,2
BRDA:47,2,2,1
BRDA:53,3,0,1
BRDA:53,3,1,1
BRDA:53,4,0,1
BRDA:53,4,1,1
BRDA:72,5,0,1
BRDA:72,5,1,0
BRDA:76,6,0,1
BRDA:76,6,1,0
BRDA:78,7,0,1
BRDA:78,7,1,0
BRDA:78,8,0,1
BRDA:78,8,1,1
BRDA:80,9,0,1
BRDA:80,9,1,0
BRDA:88,10,0,1
BRDA:88,10,1,0
BRDA:112,11,0,1
BRDA:112,11,1,1
BRDA:112,12,0,2
BRDA:112,12,1,1
BRDA:114,13,0,1
BRDA:114,13,1,0
BRDA:122,14,0,1
BRDA:122,14,1,1
BRF:31
BRH:25
end_of_record
TN:
SF:controllers\users.controller.js
FN:10,getAllUsers
FN:23,registerUser
FN:55,loginUser
FN:80,deleteUser
FNF:4
FNH:4
FNDA:1,getAllUsers
FNDA:3,registerUser
FNDA:3,loginUser
FNDA:2,deleteUser
DA:4,1
DA:5,1
DA:11,1
DA:12,1
DA:13,1
DA:15,0
DA:16,0
DA:24,3
DA:25,3
DA:26,3
DA:28,3
DA:29,1
DA:32,2
DA:33,2
DA:34,1
DA:37,1
DA:38,1
DA:40,1
DA:45,1
DA:47,0
DA:48,0
DA:56,3
DA:57,3
DA:58,3
DA:59,3
DA:60,1
DA:63,2
DA:64,2
DA:65,2
DA:66,1
DA:69,1
DA:70,1
DA:72,0
DA:73,0
DA:81,2
DA:82,2
DA:83,2
DA:84,1
DA:86,1
DA:90,1
DA:91,1
DA:92,1
DA:93,1
LF:43
LH:37
BRDA:26,0,0,3
BRDA:26,0,1,1
BRDA:26,0,2,1
BRDA:28,1,0,1
BRDA:28,1,1,2
BRDA:28,2,0,3
BRDA:28,2,1,3
BRDA:28,2,2,3
BRDA:33,3,0,1
BRDA:33,3,1,1
BRDA:42,4,0,1
BRDA:42,4,1,0
BRDA:42,5,0,1
BRDA:42,5,1,0
BRDA:59,6,0,1
BRDA:59,6,1,2
BRDA:65,7,0,1
BRDA:65,7,1,1
BRF:18
BRH:16
end_of_record
