{"/Users/susanvaldezalfaro/TiendaMarjorieActualizado2026.11Febrero/backend/bd.js": {"path":"/Users/susanvaldezalfaro/TiendaMarjorieActualizado2026.11Febrero/backend/bd.js","statementMap":{"0":{"start":{"line":1,"column":14},"end":{"line":1,"column":39}},"1":{"start":{"line":2,"column":13},"end":{"line":8,"column":2}},"2":{"start":{"line":9,"column":0},"end":{"line":9,"column":null}}},"fnMap":{},"branchMap":{"0":{"loc":{"start":{"line":3,"column":8},"end":{"line":3,"column":42}},"type":"binary-expr","locations":[{"start":{"line":3,"column":8},"end":{"line":3,"column":27}},{"start":{"line":3,"column":31},"end":{"line":3,"column":42}}],"line":3},"1":{"loc":{"start":{"line":4,"column":8},"end":{"line":4,"column":37}},"type":"binary-expr","locations":[{"start":{"line":4,"column":8},"end":{"line":4,"column":27}},{"start":{"line":4,"column":31},"end":{"line":4,"column":37}}],"line":4},"2":{"loc":{"start":{"line":5,"column":12},"end":{"line":5,"column":37}},"type":"binary-expr","locations":[{"start":{"line":5,"column":12},"end":{"line":5,"column":31}},{"start":{"line":5,"column":35},"end":{"line":5,"column":37}}],"line":5},"3":{"loc":{"start":{"line":6,"column":12},"end":{"line":6,"column":47}},"type":"binary-expr","locations":[{"start":{"line":6,"column":12},"end":{"line":6,"column":31}},{"start":{"line":6,"column":35},"end":{"line":6,"column":47}}],"line":6},"4":{"loc":{"start":{"line":7,"column":8},"end":{"line":7,"column":null}},"type":"binary-expr","locations":[{"start":{"line":7,"column":8},"end":{"line":7,"column":27}},{"start":{"line":7,"column":31},"end":{"line":7,"column":null}}],"line":7}},"s":{"0":5,"1":5,"2":5},"f":{},"b":{"0":[5,5],"1":[5,5],"2":[5,5],"3":[5,5],"4":[5,5]},"meta":{"lastBranch":5,"lastFunction":0,"lastStatement":3,"seen":{"s:1:14:1:39":0,"s:2:13:8:2":1,"b:3:8:3:27:3:31:3:42":0,"b:4:8:4:27:4:31:4:37":1,"b:5:12:5:31:5:35:5:37":2,"b:6:12:6:31:6:35:6:47":3,"b:7:8:7:27:7:31:7:Infinity":4,"s:9:0:9:Infinity":2}}}
,"/Users/susanvaldezalfaro/TiendaMarjorieActualizado2026.11Febrero/backend/controllers/cart.controller.js": {"path":"/Users/susanvaldezalfaro/TiendaMarjorieActualizado2026.11Febrero/backend/controllers/cart.controller.js","statementMap":{"0":{"start":{"line":4,"column":17},"end":{"line":4,"column":33}},"1":{"start":{"line":10,"column":17},"end":{"line":14,"column":3}},"2":{"start":{"line":15,"column":16},"end":{"line":15,"column":34}},"3":{"start":{"line":16,"column":2},"end":{"line":16,"column":null}},"4":{"start":{"line":17,"column":2},"end":{"line":17,"column":null}},"5":{"start":{"line":21,"column":24},"end":{"line":21,"column":34}},"6":{"start":{"line":22,"column":2},"end":{"line":36,"column":null}},"7":{"start":{"line":23,"column":26},"end":{"line":23,"column":100}},"8":{"start":{"line":24,"column":4},"end":{"line":26,"column":null}},"9":{"start":{"line":25,"column":6},"end":{"line":25,"column":null}},"10":{"start":{"line":27,"column":20},"end":{"line":27,"column":34}},"11":{"start":{"line":28,"column":24},"end":{"line":32,"column":5}},"12":{"start":{"line":33,"column":4},"end":{"line":33,"column":null}},"13":{"start":{"line":35,"column":4},"end":{"line":35,"column":null}},"14":{"start":{"line":40,"column":24},"end":{"line":40,"column":34}},"15":{"start":{"line":41,"column":35},"end":{"line":41,"column":43}},"16":{"start":{"line":42,"column":2},"end":{"line":68,"column":null}},"17":{"start":{"line":43,"column":24},"end":{"line":43,"column":106}},"18":{"start":{"line":46,"column":4},"end":{"line":51,"column":null}},"19":{"start":{"line":47,"column":23},"end":{"line":47,"column":108}},"20":{"start":{"line":48,"column":6},"end":{"line":48,"column":null}},"21":{"start":{"line":50,"column":6},"end":{"line":50,"column":null}},"22":{"start":{"line":53,"column":28},"end":{"line":56,"column":5}},"23":{"start":{"line":58,"column":4},"end":{"line":62,"column":null}},"24":{"start":{"line":59,"column":6},"end":{"line":59,"column":null}},"25":{"start":{"line":61,"column":6},"end":{"line":61,"column":null}},"26":{"start":{"line":64,"column":23},"end":{"line":64,"column":68}},"27":{"start":{"line":65,"column":4},"end":{"line":65,"column":null}},"28":{"start":{"line":67,"column":4},"end":{"line":67,"column":null}},"29":{"start":{"line":72,"column":24},"end":{"line":72,"column":34}},"30":{"start":{"line":73,"column":35},"end":{"line":73,"column":43}},"31":{"start":{"line":74,"column":2},"end":{"line":88,"column":null}},"32":{"start":{"line":75,"column":26},"end":{"line":75,"column":108}},"33":{"start":{"line":76,"column":4},"end":{"line":76,"column":null}},"34":{"start":{"line":76,"column":34},"end":{"line":76,"column":null}},"35":{"start":{"line":78,"column":22},"end":{"line":78,"column":46}},"36":{"start":{"line":79,"column":4},"end":{"line":83,"column":null}},"37":{"start":{"line":80,"column":6},"end":{"line":80,"column":null}},"38":{"start":{"line":82,"column":6},"end":{"line":82,"column":null}},"39":{"start":{"line":84,"column":23},"end":{"line":84,"column":68}},"40":{"start":{"line":85,"column":4},"end":{"line":85,"column":null}},"41":{"start":{"line":87,"column":4},"end":{"line":87,"column":null}},"42":{"start":{"line":92,"column":36},"end":{"line":92,"column":46}},"43":{"start":{"line":93,"column":2},"end":{"line":101,"column":null}},"44":{"start":{"line":94,"column":22},"end":{"line":94,"column":104}},"45":{"start":{"line":95,"column":4},"end":{"line":95,"column":null}},"46":{"start":{"line":95,"column":30},"end":{"line":95,"column":null}},"47":{"start":{"line":96,"column":4},"end":{"line":96,"column":null}},"48":{"start":{"line":97,"column":23},"end":{"line":97,"column":79}},"49":{"start":{"line":98,"column":4},"end":{"line":98,"column":null}},"50":{"start":{"line":100,"column":4},"end":{"line":100,"column":null}},"51":{"start":{"line":105,"column":24},"end":{"line":105,"column":34}},"52":{"start":{"line":106,"column":2},"end":{"line":115,"column":null}},"53":{"start":{"line":107,"column":22},"end":{"line":107,"column":104}},"54":{"start":{"line":108,"column":4},"end":{"line":111,"column":null}},"55":{"start":{"line":109,"column":6},"end":{"line":109,"column":null}},"56":{"start":{"line":110,"column":6},"end":{"line":110,"column":null}},"57":{"start":{"line":112,"column":4},"end":{"line":112,"column":null}},"58":{"start":{"line":114,"column":4},"end":{"line":114,"column":null}},"59":{"start":{"line":118,"column":0},"end":{"line":118,"column":null}},"60":{"start":{"line":119,"column":0},"end":{"line":119,"column":null}},"61":{"start":{"line":120,"column":0},"end":{"line":120,"column":null}},"62":{"start":{"line":121,"column":0},"end":{"line":121,"column":null}},"63":{"start":{"line":122,"column":0},"end":{"line":122,"column":null}}},"fnMap":{"0":{"name":"actualizarTotalCarrito","decl":{"start":{"line":9,"column":15},"end":{"line":9,"column":37}},"loc":{"start":{"line":9,"column":66},"end":{"line":18,"column":null}},"line":9},"1":{"name":"getCartClient","decl":{"start":{"line":20,"column":15},"end":{"line":20,"column":28}},"loc":{"start":{"line":20,"column":65},"end":{"line":37,"column":null}},"line":20},"2":{"name":"addProductToCart","decl":{"start":{"line":39,"column":15},"end":{"line":39,"column":31}},"loc":{"start":{"line":39,"column":68},"end":{"line":69,"column":null}},"line":39},"3":{"name":"updateProductQuantity","decl":{"start":{"line":71,"column":15},"end":{"line":71,"column":36}},"loc":{"start":{"line":71,"column":73},"end":{"line":89,"column":null}},"line":71},"4":{"name":"removeProductFromCart","decl":{"start":{"line":91,"column":15},"end":{"line":91,"column":36}},"loc":{"start":{"line":91,"column":73},"end":{"line":102,"column":null}},"line":91},"5":{"name":"clearCart","decl":{"start":{"line":104,"column":15},"end":{"line":104,"column":24}},"loc":{"start":{"line":104,"column":61},"end":{"line":116,"column":null}},"line":104}},"branchMap":{"0":{"loc":{"start":{"line":9,"column":49},"end":{"line":9,"column":64}},"type":"default-arg","locations":[{"start":{"line":9,"column":56},"end":{"line":9,"column":64}}],"line":9},"1":{"loc":{"start":{"line":15,"column":16},"end":{"line":15,"column":34}},"type":"binary-expr","locations":[{"start":{"line":15,"column":16},"end":{"line":15,"column":29}},{"start":{"line":15,"column":33},"end":{"line":15,"column":34}}],"line":15},"2":{"loc":{"start":{"line":20,"column":39},"end":{"line":20,"column":63}},"type":"default-arg","locations":[{"start":{"line":20,"column":61},"end":{"line":20,"column":63}}],"line":20},"3":{"loc":{"start":{"line":20,"column":41},"end":{"line":20,"column":56}},"type":"default-arg","locations":[{"start":{"line":20,"column":48},"end":{"line":20,"column":56}}],"line":20},"4":{"loc":{"start":{"line":24,"column":4},"end":{"line":26,"column":null}},"type":"if","locations":[{"start":{"line":24,"column":4},"end":{"line":26,"column":null}},{"start":{},"end":{}}],"line":24},"5":{"loc":{"start":{"line":39,"column":42},"end":{"line":39,"column":66}},"type":"default-arg","locations":[{"start":{"line":39,"column":64},"end":{"line":39,"column":66}}],"line":39},"6":{"loc":{"start":{"line":39,"column":44},"end":{"line":39,"column":59}},"type":"default-arg","locations":[{"start":{"line":39,"column":51},"end":{"line":39,"column":59}}],"line":39},"7":{"loc":{"start":{"line":46,"column":4},"end":{"line":51,"column":null}},"type":"if","locations":[{"start":{"line":46,"column":4},"end":{"line":51,"column":null}},{"start":{"line":49,"column":11},"end":{"line":51,"column":null}}],"line":46},"8":{"loc":{"start":{"line":58,"column":4},"end":{"line":62,"column":null}},"type":"if","locations":[{"start":{"line":58,"column":4},"end":{"line":62,"column":null}},{"start":{"line":60,"column":11},"end":{"line":62,"column":null}}],"line":58},"9":{"loc":{"start":{"line":71,"column":47},"end":{"line":71,"column":71}},"type":"default-arg","locations":[{"start":{"line":71,"column":69},"end":{"line":71,"column":71}}],"line":71},"10":{"loc":{"start":{"line":71,"column":49},"end":{"line":71,"column":64}},"type":"default-arg","locations":[{"start":{"line":71,"column":56},"end":{"line":71,"column":64}}],"line":71},"11":{"loc":{"start":{"line":76,"column":4},"end":{"line":76,"column":null}},"type":"if","locations":[{"start":{"line":76,"column":4},"end":{"line":76,"column":null}},{"start":{},"end":{}}],"line":76},"12":{"loc":{"start":{"line":79,"column":4},"end":{"line":83,"column":null}},"type":"if","locations":[{"start":{"line":79,"column":4},"end":{"line":83,"column":null}},{"start":{"line":81,"column":11},"end":{"line":83,"column":null}}],"line":79},"13":{"loc":{"start":{"line":91,"column":47},"end":{"line":91,"column":71}},"type":"default-arg","locations":[{"start":{"line":91,"column":69},"end":{"line":91,"column":71}}],"line":91},"14":{"loc":{"start":{"line":91,"column":49},"end":{"line":91,"column":64}},"type":"default-arg","locations":[{"start":{"line":91,"column":56},"end":{"line":91,"column":64}}],"line":91},"15":{"loc":{"start":{"line":95,"column":4},"end":{"line":95,"column":null}},"type":"if","locations":[{"start":{"line":95,"column":4},"end":{"line":95,"column":null}},{"start":{},"end":{}}],"line":95},"16":{"loc":{"start":{"line":104,"column":35},"end":{"line":104,"column":59}},"type":"default-arg","locations":[{"start":{"line":104,"column":57},"end":{"line":104,"column":59}}],"line":104},"17":{"loc":{"start":{"line":104,"column":37},"end":{"line":104,"column":52}},"type":"default-arg","locations":[{"start":{"line":104,"column":44},"end":{"line":104,"column":52}}],"line":104},"18":{"loc":{"start":{"line":108,"column":4},"end":{"line":111,"column":null}},"type":"if","locations":[{"start":{"line":108,"column":4},"end":{"line":111,"column":null}},{"start":{},"end":{}}],"line":108}},"s":{"0":1,"1":2,"2":2,"3":2,"4":2,"5":3,"6":3,"7":3,"8":2,"9":1,"10":1,"11":1,"12":1,"13":1,"14":1,"15":1,"16":1,"17":1,"18":1,"19":1,"20":1,"21":0,"22":1,"23":1,"24":0,"25":1,"26":1,"27":1,"28":0,"29":1,"30":1,"31":1,"32":1,"33":1,"34":0,"35":1,"36":1,"37":1,"38":0,"39":1,"40":1,"41":0,"42":0,"43":0,"44":0,"45":0,"46":0,"47":0,"48":0,"49":0,"50":0,"51":1,"52":1,"53":1,"54":1,"55":1,"56":1,"57":1,"58":0,"59":1,"60":1,"61":1,"62":1,"63":1},"f":{"0":2,"1":3,"2":1,"3":1,"4":0,"5":1},"b":{"0":[2],"1":[2,1],"2":[3],"3":[3],"4":[1,1],"5":[1],"6":[1],"7":[1,0],"8":[0,1],"9":[1],"10":[1],"11":[0,1],"12":[1,0],"13":[0],"14":[0],"15":[0,0],"16":[1],"17":[1],"18":[1,0]},"meta":{"lastBranch":19,"lastFunction":6,"lastStatement":64,"seen":{"s:4:17:4:33":0,"f:9:15:9:37":0,"b:9:56:9:64":0,"s:10:17:14:3":1,"s:15:16:15:34":2,"b:15:16:15:29:15:33:15:34":1,"s:16:2:16:Infinity":3,"s:17:2:17:Infinity":4,"f:20:15:20:28":1,"b:20:61:20:63":2,"b:20:48:20:56":3,"s:21:24:21:34":5,"s:22:2:36:Infinity":6,"s:23:26:23:100":7,"b:24:4:26:Infinity:undefined:undefined:undefined:undefined":4,"s:24:4:26:Infinity":8,"s:25:6:25:Infinity":9,"s:27:20:27:34":10,"s:28:24:32:5":11,"s:33:4:33:Infinity":12,"s:35:4:35:Infinity":13,"f:39:15:39:31":2,"b:39:64:39:66":5,"b:39:51:39:59":6,"s:40:24:40:34":14,"s:41:35:41:43":15,"s:42:2:68:Infinity":16,"s:43:24:43:106":17,"b:46:4:51:Infinity:49:11:51:Infinity":7,"s:46:4:51:Infinity":18,"s:47:23:47:108":19,"s:48:6:48:Infinity":20,"s:50:6:50:Infinity":21,"s:53:28:56:5":22,"b:58:4:62:Infinity:60:11:62:Infinity":8,"s:58:4:62:Infinity":23,"s:59:6:59:Infinity":24,"s:61:6:61:Infinity":25,"s:64:23:64:68":26,"s:65:4:65:Infinity":27,"s:67:4:67:Infinity":28,"f:71:15:71:36":3,"b:71:69:71:71":9,"b:71:56:71:64":10,"s:72:24:72:34":29,"s:73:35:73:43":30,"s:74:2:88:Infinity":31,"s:75:26:75:108":32,"b:76:4:76:Infinity:undefined:undefined:undefined:undefined":11,"s:76:4:76:Infinity":33,"s:76:34:76:Infinity":34,"s:78:22:78:46":35,"b:79:4:83:Infinity:81:11:83:Infinity":12,"s:79:4:83:Infinity":36,"s:80:6:80:Infinity":37,"s:82:6:82:Infinity":38,"s:84:23:84:68":39,"s:85:4:85:Infinity":40,"s:87:4:87:Infinity":41,"f:91:15:91:36":4,"b:91:69:91:71":13,"b:91:56:91:64":14,"s:92:36:92:46":42,"s:93:2:101:Infinity":43,"s:94:22:94:104":44,"b:95:4:95:Infinity:undefined:undefined:undefined:undefined":15,"s:95:4:95:Infinity":45,"s:95:30:95:Infinity":46,"s:96:4:96:Infinity":47,"s:97:23:97:79":48,"s:98:4:98:Infinity":49,"s:100:4:100:Infinity":50,"f:104:15:104:24":5,"b:104:57:104:59":16,"b:104:44:104:52":17,"s:105:24:105:34":51,"s:106:2:115:Infinity":52,"s:107:22:107:104":53,"b:108:4:111:Infinity:undefined:undefined:undefined:undefined":18,"s:108:4:111:Infinity":54,"s:109:6:109:Infinity":55,"s:110:6:110:Infinity":56,"s:112:4:112:Infinity":57,"s:114:4:114:Infinity":58,"s:118:0:118:Infinity":59,"s:119:0:119:Infinity":60,"s:120:0:120:Infinity":61,"s:121:0:121:Infinity":62,"s:122:0:122:Infinity":63}}}
,"/Users/susanvaldezalfaro/TiendaMarjorieActualizado2026.11Febrero/backend/controllers/products.controller.js": {"path":"/Users/susanvaldezalfaro/TiendaMarjorieActualizado2026.11Febrero/backend/controllers/products.controller.js","statementMap":{"0":{"start":{"line":5,"column":13},"end":{"line":5,"column":29}},"1":{"start":{"line":6,"column":11},"end":{"line":6,"column":24}},"2":{"start":{"line":7,"column":13},"end":{"line":7,"column":28}},"3":{"start":{"line":13,"column":2},"end":{"line":19,"column":null}},"4":{"start":{"line":14,"column":19},"end":{"line":14,"column":58}},"5":{"start":{"line":15,"column":4},"end":{"line":15,"column":null}},"6":{"start":{"line":17,"column":4},"end":{"line":17,"column":null}},"7":{"start":{"line":18,"column":4},"end":{"line":18,"column":null}},"8":{"start":{"line":26,"column":2},"end":{"line":37,"column":null}},"9":{"start":{"line":27,"column":16},"end":{"line":32,"column":5}},"10":{"start":{"line":33,"column":19},"end":{"line":33,"column":37}},"11":{"start":{"line":34,"column":4},"end":{"line":34,"column":null}},"12":{"start":{"line":36,"column":4},"end":{"line":36,"column":null}},"13":{"start":{"line":44,"column":2},"end":{"line":67,"column":null}},"14":{"start":{"line":45,"column":105},"end":{"line":45,"column":113}},"15":{"start":{"line":46,"column":19},"end":{"line":46,"column":54}},"16":{"start":{"line":48,"column":4},"end":{"line":50,"column":null}},"17":{"start":{"line":49,"column":6},"end":{"line":49,"column":null}},"18":{"start":{"line":52,"column":24},"end":{"line":52,"column":100}},"19":{"start":{"line":54,"column":21},"end":{"line":58,"column":5}},"20":{"start":{"line":60,"column":4},"end":{"line":64,"column":null}},"21":{"start":{"line":66,"column":4},"end":{"line":66,"column":null}},"22":{"start":{"line":74,"column":17},"end":{"line":74,"column":27}},"23":{"start":{"line":75,"column":103},"end":{"line":75,"column":111}},"24":{"start":{"line":76,"column":22},"end":{"line":76,"column":57}},"25":{"start":{"line":78,"column":2},"end":{"line":102,"column":null}},"26":{"start":{"line":79,"column":4},"end":{"line":85,"column":null}},"27":{"start":{"line":80,"column":21},"end":{"line":80,"column":92}},"28":{"start":{"line":81,"column":6},"end":{"line":84,"column":null}},"29":{"start":{"line":82,"column":24},"end":{"line":82,"column":75}},"30":{"start":{"line":83,"column":8},"end":{"line":83,"column":null}},"31":{"start":{"line":83,"column":36},"end":{"line":83,"column":null}},"32":{"start":{"line":87,"column":24},"end":{"line":87,"column":100}},"33":{"start":{"line":88,"column":14},"end":{"line":88,"column":142}},"34":{"start":{"line":89,"column":19},"end":{"line":89,"column":122}},"35":{"start":{"line":91,"column":4},"end":{"line":94,"column":null}},"36":{"start":{"line":92,"column":6},"end":{"line":92,"column":null}},"37":{"start":{"line":93,"column":6},"end":{"line":93,"column":null}},"38":{"start":{"line":95,"column":4},"end":{"line":95,"column":null}},"39":{"start":{"line":96,"column":4},"end":{"line":96,"column":null}},"40":{"start":{"line":98,"column":4},"end":{"line":98,"column":null}},"41":{"start":{"line":99,"column":4},"end":{"line":99,"column":null}},"42":{"start":{"line":101,"column":4},"end":{"line":101,"column":null}},"43":{"start":{"line":109,"column":4},"end":{"line":118,"column":null}},"44":{"start":{"line":110,"column":8},"end":{"line":113,"column":null}},"45":{"start":{"line":114,"column":8},"end":{"line":114,"column":null}},"46":{"start":{"line":116,"column":8},"end":{"line":116,"column":null}},"47":{"start":{"line":117,"column":8},"end":{"line":117,"column":null}},"48":{"start":{"line":125,"column":17},"end":{"line":125,"column":27}},"49":{"start":{"line":126,"column":2},"end":{"line":136,"column":null}},"50":{"start":{"line":127,"column":19},"end":{"line":127,"column":90}},"51":{"start":{"line":128,"column":4},"end":{"line":131,"column":null}},"52":{"start":{"line":129,"column":23},"end":{"line":129,"column":74}},"53":{"start":{"line":130,"column":6},"end":{"line":130,"column":null}},"54":{"start":{"line":130,"column":35},"end":{"line":130,"column":null}},"55":{"start":{"line":132,"column":4},"end":{"line":132,"column":null}},"56":{"start":{"line":133,"column":4},"end":{"line":133,"column":null}},"57":{"start":{"line":135,"column":4},"end":{"line":135,"column":null}},"58":{"start":{"line":139,"column":0},"end":{"line":146,"column":null}}},"fnMap":{"0":{"name":"getAllProducts","decl":{"start":{"line":12,"column":15},"end":{"line":12,"column":29}},"loc":{"start":{"line":12,"column":65},"end":{"line":20,"column":null}},"line":12},"1":{"name":"getProductsWithProviders","decl":{"start":{"line":25,"column":15},"end":{"line":25,"column":39}},"loc":{"start":{"line":25,"column":75},"end":{"line":38,"column":null}},"line":25},"2":{"name":"addProduct","decl":{"start":{"line":43,"column":15},"end":{"line":43,"column":25}},"loc":{"start":{"line":43,"column":61},"end":{"line":68,"column":null}},"line":43},"3":{"name":"updateProduct","decl":{"start":{"line":73,"column":15},"end":{"line":73,"column":28}},"loc":{"start":{"line":73,"column":64},"end":{"line":103,"column":null}},"line":73},"4":{"name":"updateStockAfterSale","decl":{"start":{"line":108,"column":15},"end":{"line":108,"column":35}},"loc":{"start":{"line":108,"column":83},"end":{"line":119,"column":null}},"line":108},"5":{"name":"deleteProduct","decl":{"start":{"line":124,"column":15},"end":{"line":124,"column":28}},"loc":{"start":{"line":124,"column":64},"end":{"line":137,"column":null}},"line":124}},"branchMap":{"0":{"loc":{"start":{"line":12,"column":40},"end":{"line":12,"column":63}},"type":"default-arg","locations":[{"start":{"line":12,"column":61},"end":{"line":12,"column":63}}],"line":12},"1":{"loc":{"start":{"line":12,"column":48},"end":{"line":12,"column":56}},"type":"default-arg","locations":[{"start":{"line":12,"column":52},"end":{"line":12,"column":56}}],"line":12},"2":{"loc":{"start":{"line":25,"column":50},"end":{"line":25,"column":73}},"type":"default-arg","locations":[{"start":{"line":25,"column":71},"end":{"line":25,"column":73}}],"line":25},"3":{"loc":{"start":{"line":25,"column":58},"end":{"line":25,"column":66}},"type":"default-arg","locations":[{"start":{"line":25,"column":62},"end":{"line":25,"column":66}}],"line":25},"4":{"loc":{"start":{"line":43,"column":36},"end":{"line":43,"column":59}},"type":"default-arg","locations":[{"start":{"line":43,"column":57},"end":{"line":43,"column":59}}],"line":43},"5":{"loc":{"start":{"line":43,"column":44},"end":{"line":43,"column":52}},"type":"default-arg","locations":[{"start":{"line":43,"column":48},"end":{"line":43,"column":52}}],"line":43},"6":{"loc":{"start":{"line":46,"column":19},"end":{"line":46,"column":54}},"type":"cond-expr","locations":[{"start":{"line":46,"column":30},"end":{"line":46,"column":47}},{"start":{"line":46,"column":50},"end":{"line":46,"column":54}}],"line":46},"7":{"loc":{"start":{"line":48,"column":4},"end":{"line":50,"column":null}},"type":"if","locations":[{"start":{"line":48,"column":4},"end":{"line":50,"column":null}},{"start":{},"end":{}}],"line":48},"8":{"loc":{"start":{"line":48,"column":8},"end":{"line":48,"column":36}},"type":"binary-expr","locations":[{"start":{"line":48,"column":8},"end":{"line":48,"column":15}},{"start":{"line":48,"column":19},"end":{"line":48,"column":26}},{"start":{"line":48,"column":30},"end":{"line":48,"column":36}}],"line":48},"9":{"loc":{"start":{"line":52,"column":24},"end":{"line":52,"column":100}},"type":"cond-expr","locations":[{"start":{"line":52,"column":95},"end":{"line":52,"column":96}},{"start":{"line":52,"column":99},"end":{"line":52,"column":100}}],"line":52},"10":{"loc":{"start":{"line":52,"column":25},"end":{"line":52,"column":91}},"type":"binary-expr","locations":[{"start":{"line":52,"column":25},"end":{"line":52,"column":47}},{"start":{"line":52,"column":51},"end":{"line":52,"column":70}},{"start":{"line":52,"column":74},"end":{"line":52,"column":91}}],"line":52},"11":{"loc":{"start":{"line":57,"column":26},"end":{"line":57,"column":39}},"type":"binary-expr","locations":[{"start":{"line":57,"column":26},"end":{"line":57,"column":31}},{"start":{"line":57,"column":35},"end":{"line":57,"column":39}}],"line":57},"12":{"loc":{"start":{"line":57,"column":41},"end":{"line":57,"column":54}},"type":"binary-expr","locations":[{"start":{"line":57,"column":41},"end":{"line":57,"column":46}},{"start":{"line":57,"column":50},"end":{"line":57,"column":54}}],"line":57},"13":{"loc":{"start":{"line":57,"column":92},"end":{"line":57,"column":109}},"type":"binary-expr","locations":[{"start":{"line":57,"column":92},"end":{"line":57,"column":104}},{"start":{"line":57,"column":108},"end":{"line":57,"column":109}}],"line":57},"14":{"loc":{"start":{"line":57,"column":111},"end":{"line":57,"column":132}},"type":"binary-expr","locations":[{"start":{"line":57,"column":111},"end":{"line":57,"column":124}},{"start":{"line":57,"column":128},"end":{"line":57,"column":132}}],"line":57},"15":{"loc":{"start":{"line":73,"column":39},"end":{"line":73,"column":62}},"type":"default-arg","locations":[{"start":{"line":73,"column":60},"end":{"line":73,"column":62}}],"line":73},"16":{"loc":{"start":{"line":73,"column":47},"end":{"line":73,"column":55}},"type":"default-arg","locations":[{"start":{"line":73,"column":51},"end":{"line":73,"column":55}}],"line":73},"17":{"loc":{"start":{"line":76,"column":22},"end":{"line":76,"column":57}},"type":"cond-expr","locations":[{"start":{"line":76,"column":33},"end":{"line":76,"column":50}},{"start":{"line":76,"column":53},"end":{"line":76,"column":57}}],"line":76},"18":{"loc":{"start":{"line":79,"column":4},"end":{"line":85,"column":null}},"type":"if","locations":[{"start":{"line":79,"column":4},"end":{"line":85,"column":null}},{"start":{},"end":{}}],"line":79},"19":{"loc":{"start":{"line":81,"column":6},"end":{"line":84,"column":null}},"type":"if","locations":[{"start":{"line":81,"column":6},"end":{"line":84,"column":null}},{"start":{},"end":{}}],"line":81},"20":{"loc":{"start":{"line":81,"column":10},"end":{"line":81,"column":43}},"type":"binary-expr","locations":[{"start":{"line":81,"column":10},"end":{"line":81,"column":25}},{"start":{"line":81,"column":29},"end":{"line":81,"column":43}}],"line":81},"21":{"loc":{"start":{"line":83,"column":8},"end":{"line":83,"column":null}},"type":"if","locations":[{"start":{"line":83,"column":8},"end":{"line":83,"column":null}},{"start":{},"end":{}}],"line":83},"22":{"loc":{"start":{"line":87,"column":24},"end":{"line":87,"column":100}},"type":"cond-expr","locations":[{"start":{"line":87,"column":95},"end":{"line":87,"column":96}},{"start":{"line":87,"column":99},"end":{"line":87,"column":100}}],"line":87},"23":{"loc":{"start":{"line":87,"column":25},"end":{"line":87,"column":91}},"type":"binary-expr","locations":[{"start":{"line":87,"column":25},"end":{"line":87,"column":47}},{"start":{"line":87,"column":51},"end":{"line":87,"column":70}},{"start":{"line":87,"column":74},"end":{"line":87,"column":91}}],"line":87},"24":{"loc":{"start":{"line":89,"column":81},"end":{"line":89,"column":98}},"type":"binary-expr","locations":[{"start":{"line":89,"column":81},"end":{"line":89,"column":93}},{"start":{"line":89,"column":97},"end":{"line":89,"column":98}}],"line":89},"25":{"loc":{"start":{"line":89,"column":100},"end":{"line":89,"column":121}},"type":"binary-expr","locations":[{"start":{"line":89,"column":100},"end":{"line":89,"column":113}},{"start":{"line":89,"column":117},"end":{"line":89,"column":121}}],"line":89},"26":{"loc":{"start":{"line":91,"column":4},"end":{"line":94,"column":null}},"type":"if","locations":[{"start":{"line":91,"column":4},"end":{"line":94,"column":null}},{"start":{},"end":{}}],"line":91},"27":{"loc":{"start":{"line":108,"column":58},"end":{"line":108,"column":81}},"type":"default-arg","locations":[{"start":{"line":108,"column":79},"end":{"line":108,"column":81}}],"line":108},"28":{"loc":{"start":{"line":108,"column":66},"end":{"line":108,"column":74}},"type":"default-arg","locations":[{"start":{"line":108,"column":70},"end":{"line":108,"column":74}}],"line":108},"29":{"loc":{"start":{"line":124,"column":39},"end":{"line":124,"column":62}},"type":"default-arg","locations":[{"start":{"line":124,"column":60},"end":{"line":124,"column":62}}],"line":124},"30":{"loc":{"start":{"line":124,"column":47},"end":{"line":124,"column":55}},"type":"default-arg","locations":[{"start":{"line":124,"column":51},"end":{"line":124,"column":55}}],"line":124},"31":{"loc":{"start":{"line":128,"column":4},"end":{"line":131,"column":null}},"type":"if","locations":[{"start":{"line":128,"column":4},"end":{"line":131,"column":null}},{"start":{},"end":{}}],"line":128},"32":{"loc":{"start":{"line":128,"column":8},"end":{"line":128,"column":41}},"type":"binary-expr","locations":[{"start":{"line":128,"column":8},"end":{"line":128,"column":23}},{"start":{"line":128,"column":27},"end":{"line":128,"column":41}}],"line":128},"33":{"loc":{"start":{"line":130,"column":6},"end":{"line":130,"column":null}},"type":"if","locations":[{"start":{"line":130,"column":6},"end":{"line":130,"column":null}},{"start":{},"end":{}}],"line":130}},"s":{"0":1,"1":1,"2":1,"3":2,"4":2,"5":1,"6":1,"7":1,"8":1,"9":1,"10":1,"11":1,"12":0,"13":2,"14":2,"15":2,"16":2,"17":1,"18":1,"19":2,"20":1,"21":0,"22":0,"23":0,"24":0,"25":0,"26":0,"27":0,"28":0,"29":0,"30":0,"31":0,"32":0,"33":0,"34":0,"35":0,"36":0,"37":0,"38":0,"39":0,"40":0,"41":0,"42":0,"43":1,"44":1,"45":1,"46":0,"47":0,"48":0,"49":0,"50":0,"51":0,"52":0,"53":0,"54":0,"55":0,"56":0,"57":0,"58":1},"f":{"0":2,"1":1,"2":2,"3":0,"4":1,"5":0},"b":{"0":[2],"1":[2],"2":[1],"3":[1],"4":[2],"5":[2],"6":[1,1],"7":[1,1],"8":[2,1,1],"9":[1,0],"10":[1,0,0],"11":[2,1],"12":[2,1],"13":[2,1],"14":[2,1],"15":[0],"16":[0],"17":[0,0],"18":[0,0],"19":[0,0],"20":[0,0],"21":[0,0],"22":[0,0],"23":[0,0,0],"24":[0,0],"25":[0,0],"26":[0,0],"27":[1],"28":[1],"29":[0],"30":[0],"31":[0,0],"32":[0,0],"33":[0,0]},"meta":{"lastBranch":34,"lastFunction":6,"lastStatement":59,"seen":{"s:5:13:5:29":0,"s:6:11:6:24":1,"s:7:13:7:28":2,"f:12:15:12:29":0,"b:12:61:12:63":0,"b:12:52:12:56":1,"s:13:2:19:Infinity":3,"s:14:19:14:58":4,"s:15:4:15:Infinity":5,"s:17:4:17:Infinity":6,"s:18:4:18:Infinity":7,"f:25:15:25:39":1,"b:25:71:25:73":2,"b:25:62:25:66":3,"s:26:2:37:Infinity":8,"s:27:16:32:5":9,"s:33:19:33:37":10,"s:34:4:34:Infinity":11,"s:36:4:36:Infinity":12,"f:43:15:43:25":2,"b:43:57:43:59":4,"b:43:48:43:52":5,"s:44:2:67:Infinity":13,"s:45:105:45:113":14,"s:46:19:46:54":15,"b:46:30:46:47:46:50:46:54":6,"b:48:4:50:Infinity:undefined:undefined:undefined:undefined":7,"s:48:4:50:Infinity":16,"b:48:8:48:15:48:19:48:26:48:30:48:36":8,"s:49:6:49:Infinity":17,"s:52:24:52:100":18,"b:52:95:52:96:52:99:52:100":9,"b:52:25:52:47:52:51:52:70:52:74:52:91":10,"s:54:21:58:5":19,"b:57:26:57:31:57:35:57:39":11,"b:57:41:57:46:57:50:57:54":12,"b:57:92:57:104:57:108:57:109":13,"b:57:111:57:124:57:128:57:132":14,"s:60:4:64:Infinity":20,"s:66:4:66:Infinity":21,"f:73:15:73:28":3,"b:73:60:73:62":15,"b:73:51:73:55":16,"s:74:17:74:27":22,"s:75:103:75:111":23,"s:76:22:76:57":24,"b:76:33:76:50:76:53:76:57":17,"s:78:2:102:Infinity":25,"b:79:4:85:Infinity:undefined:undefined:undefined:undefined":18,"s:79:4:85:Infinity":26,"s:80:21:80:92":27,"b:81:6:84:Infinity:undefined:undefined:undefined:undefined":19,"s:81:6:84:Infinity":28,"b:81:10:81:25:81:29:81:43":20,"s:82:24:82:75":29,"b:83:8:83:Infinity:undefined:undefined:undefined:undefined":21,"s:83:8:83:Infinity":30,"s:83:36:83:Infinity":31,"s:87:24:87:100":32,"b:87:95:87:96:87:99:87:100":22,"b:87:25:87:47:87:51:87:70:87:74:87:91":23,"s:88:14:88:142":33,"s:89:19:89:122":34,"b:89:81:89:93:89:97:89:98":24,"b:89:100:89:113:89:117:89:121":25,"b:91:4:94:Infinity:undefined:undefined:undefined:undefined":26,"s:91:4:94:Infinity":35,"s:92:6:92:Infinity":36,"s:93:6:93:Infinity":37,"s:95:4:95:Infinity":38,"s:96:4:96:Infinity":39,"s:98:4:98:Infinity":40,"s:99:4:99:Infinity":41,"s:101:4:101:Infinity":42,"f:108:15:108:35":4,"b:108:79:108:81":27,"b:108:70:108:74":28,"s:109:4:118:Infinity":43,"s:110:8:113:Infinity":44,"s:114:8:114:Infinity":45,"s:116:8:116:Infinity":46,"s:117:8:117:Infinity":47,"f:124:15:124:28":5,"b:124:60:124:62":29,"b:124:51:124:55":30,"s:125:17:125:27":48,"s:126:2:136:Infinity":49,"s:127:19:127:90":50,"b:128:4:131:Infinity:undefined:undefined:undefined:undefined":31,"s:128:4:131:Infinity":51,"b:128:8:128:23:128:27:128:41":32,"s:129:23:129:74":52,"b:130:6:130:Infinity:undefined:undefined:undefined:undefined":33,"s:130:6:130:Infinity":53,"s:130:35:130:Infinity":54,"s:132:4:132:Infinity":55,"s:133:4:133:Infinity":56,"s:135:4:135:Infinity":57,"s:139:0:146:Infinity":58}}}
,"/Users/susanvaldezalfaro/TiendaMarjorieActualizado2026.11Febrero/backend/controllers/providers.controller.js": {"path":"/Users/susanvaldezalfaro/TiendaMarjorieActualizado2026.11Febrero/backend/controllers/providers.controller.js","statementMap":{"0":{"start":{"line":4,"column":17},"end":{"line":4,"column":33}},"1":{"start":{"line":10,"column":4},"end":{"line":17,"column":null}},"2":{"start":{"line":11,"column":20},"end":{"line":11,"column":47}},"3":{"start":{"line":12,"column":23},"end":{"line":12,"column":44}},"4":{"start":{"line":13,"column":8},"end":{"line":13,"column":null}},"5":{"start":{"line":15,"column":8},"end":{"line":15,"column":null}},"6":{"start":{"line":16,"column":8},"end":{"line":16,"column":null}},"7":{"start":{"line":24,"column":52},"end":{"line":24,"column":60}},"8":{"start":{"line":25,"column":17},"end":{"line":25,"column":52}},"9":{"start":{"line":27,"column":4},"end":{"line":52,"column":null}},"10":{"start":{"line":29,"column":27},"end":{"line":32,"column":9}},"11":{"start":{"line":34,"column":8},"end":{"line":36,"column":null}},"12":{"start":{"line":35,"column":12},"end":{"line":35,"column":null}},"13":{"start":{"line":39,"column":25},"end":{"line":42,"column":9}},"14":{"start":{"line":44,"column":8},"end":{"line":48,"column":null}},"15":{"start":{"line":50,"column":8},"end":{"line":50,"column":null}},"16":{"start":{"line":51,"column":8},"end":{"line":51,"column":null}},"17":{"start":{"line":59,"column":19},"end":{"line":59,"column":29}},"18":{"start":{"line":60,"column":4},"end":{"line":71,"column":null}},"19":{"start":{"line":61,"column":25},"end":{"line":61,"column":96}},"20":{"start":{"line":63,"column":8},"end":{"line":65,"column":null}},"21":{"start":{"line":64,"column":12},"end":{"line":64,"column":null}},"22":{"start":{"line":67,"column":8},"end":{"line":67,"column":null}},"23":{"start":{"line":69,"column":8},"end":{"line":69,"column":null}},"24":{"start":{"line":70,"column":8},"end":{"line":70,"column":null}},"25":{"start":{"line":78,"column":19},"end":{"line":78,"column":29}},"26":{"start":{"line":79,"column":52},"end":{"line":79,"column":60}},"27":{"start":{"line":80,"column":4},"end":{"line":88,"column":null}},"28":{"start":{"line":81,"column":8},"end":{"line":84,"column":null}},"29":{"start":{"line":85,"column":8},"end":{"line":85,"column":null}},"30":{"start":{"line":87,"column":8},"end":{"line":87,"column":null}},"31":{"start":{"line":91,"column":0},"end":{"line":91,"column":null}},"32":{"start":{"line":92,"column":0},"end":{"line":92,"column":null}},"33":{"start":{"line":93,"column":0},"end":{"line":93,"column":null}},"34":{"start":{"line":94,"column":0},"end":{"line":94,"column":null}}},"fnMap":{"0":{"name":"getProviders","decl":{"start":{"line":9,"column":15},"end":{"line":9,"column":27}},"loc":{"start":{"line":9,"column":64},"end":{"line":18,"column":null}},"line":9},"1":{"name":"addProvider","decl":{"start":{"line":23,"column":15},"end":{"line":23,"column":26}},"loc":{"start":{"line":23,"column":63},"end":{"line":53,"column":null}},"line":23},"2":{"name":"deleteProvider","decl":{"start":{"line":58,"column":15},"end":{"line":58,"column":29}},"loc":{"start":{"line":58,"column":66},"end":{"line":72,"column":null}},"line":58},"3":{"name":"updateProvider","decl":{"start":{"line":77,"column":15},"end":{"line":77,"column":29}},"loc":{"start":{"line":77,"column":66},"end":{"line":89,"column":null}},"line":77}},"branchMap":{"0":{"loc":{"start":{"line":9,"column":38},"end":{"line":9,"column":62}},"type":"default-arg","locations":[{"start":{"line":9,"column":60},"end":{"line":9,"column":62}}],"line":9},"1":{"loc":{"start":{"line":9,"column":40},"end":{"line":9,"column":55}},"type":"default-arg","locations":[{"start":{"line":9,"column":47},"end":{"line":9,"column":55}}],"line":9},"2":{"loc":{"start":{"line":23,"column":37},"end":{"line":23,"column":61}},"type":"default-arg","locations":[{"start":{"line":23,"column":59},"end":{"line":23,"column":61}}],"line":23},"3":{"loc":{"start":{"line":23,"column":39},"end":{"line":23,"column":54}},"type":"default-arg","locations":[{"start":{"line":23,"column":46},"end":{"line":23,"column":54}}],"line":23},"4":{"loc":{"start":{"line":25,"column":17},"end":{"line":25,"column":52}},"type":"cond-expr","locations":[{"start":{"line":25,"column":28},"end":{"line":25,"column":45}},{"start":{"line":25,"column":48},"end":{"line":25,"column":52}}],"line":25},"5":{"loc":{"start":{"line":34,"column":8},"end":{"line":36,"column":null}},"type":"if","locations":[{"start":{"line":34,"column":8},"end":{"line":36,"column":null}},{"start":{},"end":{}}],"line":34},"6":{"loc":{"start":{"line":41,"column":21},"end":{"line":41,"column":37}},"type":"binary-expr","locations":[{"start":{"line":41,"column":21},"end":{"line":41,"column":29}},{"start":{"line":41,"column":33},"end":{"line":41,"column":37}}],"line":41},"7":{"loc":{"start":{"line":41,"column":39},"end":{"line":41,"column":53}},"type":"binary-expr","locations":[{"start":{"line":41,"column":39},"end":{"line":41,"column":45}},{"start":{"line":41,"column":49},"end":{"line":41,"column":53}}],"line":41},"8":{"loc":{"start":{"line":41,"column":55},"end":{"line":41,"column":72}},"type":"binary-expr","locations":[{"start":{"line":41,"column":55},"end":{"line":41,"column":64}},{"start":{"line":41,"column":68},"end":{"line":41,"column":72}}],"line":41},"9":{"loc":{"start":{"line":58,"column":40},"end":{"line":58,"column":64}},"type":"default-arg","locations":[{"start":{"line":58,"column":62},"end":{"line":58,"column":64}}],"line":58},"10":{"loc":{"start":{"line":58,"column":42},"end":{"line":58,"column":57}},"type":"default-arg","locations":[{"start":{"line":58,"column":49},"end":{"line":58,"column":57}}],"line":58},"11":{"loc":{"start":{"line":63,"column":8},"end":{"line":65,"column":null}},"type":"if","locations":[{"start":{"line":63,"column":8},"end":{"line":65,"column":null}},{"start":{},"end":{}}],"line":63},"12":{"loc":{"start":{"line":77,"column":40},"end":{"line":77,"column":64}},"type":"default-arg","locations":[{"start":{"line":77,"column":62},"end":{"line":77,"column":64}}],"line":77},"13":{"loc":{"start":{"line":77,"column":42},"end":{"line":77,"column":57}},"type":"default-arg","locations":[{"start":{"line":77,"column":49},"end":{"line":77,"column":57}}],"line":77}},"s":{"0":1,"1":2,"2":2,"3":2,"4":1,"5":1,"6":1,"7":2,"8":2,"9":2,"10":2,"11":2,"12":1,"13":1,"14":1,"15":0,"16":0,"17":2,"18":2,"19":2,"20":2,"21":1,"22":1,"23":0,"24":0,"25":1,"26":1,"27":1,"28":1,"29":1,"30":0,"31":1,"32":1,"33":1,"34":1},"f":{"0":2,"1":2,"2":2,"3":1},"b":{"0":[2],"1":[2],"2":[2],"3":[2],"4":[1,1],"5":[1,1],"6":[1,1],"7":[2,0],"8":[2,1],"9":[2],"10":[2],"11":[1,1],"12":[1],"13":[1]},"meta":{"lastBranch":14,"lastFunction":4,"lastStatement":35,"seen":{"s:4:17:4:33":0,"f:9:15:9:27":0,"b:9:60:9:62":0,"b:9:47:9:55":1,"s:10:4:17:Infinity":1,"s:11:20:11:47":2,"s:12:23:12:44":3,"s:13:8:13:Infinity":4,"s:15:8:15:Infinity":5,"s:16:8:16:Infinity":6,"f:23:15:23:26":1,"b:23:59:23:61":2,"b:23:46:23:54":3,"s:24:52:24:60":7,"s:25:17:25:52":8,"b:25:28:25:45:25:48:25:52":4,"s:27:4:52:Infinity":9,"s:29:27:32:9":10,"b:34:8:36:Infinity:undefined:undefined:undefined:undefined":5,"s:34:8:36:Infinity":11,"s:35:12:35:Infinity":12,"s:39:25:42:9":13,"b:41:21:41:29:41:33:41:37":6,"b:41:39:41:45:41:49:41:53":7,"b:41:55:41:64:41:68:41:72":8,"s:44:8:48:Infinity":14,"s:50:8:50:Infinity":15,"s:51:8:51:Infinity":16,"f:58:15:58:29":2,"b:58:62:58:64":9,"b:58:49:58:57":10,"s:59:19:59:29":17,"s:60:4:71:Infinity":18,"s:61:25:61:96":19,"b:63:8:65:Infinity:undefined:undefined:undefined:undefined":11,"s:63:8:65:Infinity":20,"s:64:12:64:Infinity":21,"s:67:8:67:Infinity":22,"s:69:8:69:Infinity":23,"s:70:8:70:Infinity":24,"f:77:15:77:29":3,"b:77:62:77:64":12,"b:77:49:77:57":13,"s:78:19:78:29":25,"s:79:52:79:60":26,"s:80:4:88:Infinity":27,"s:81:8:84:Infinity":28,"s:85:8:85:Infinity":29,"s:87:8:87:Infinity":30,"s:91:0:91:Infinity":31,"s:92:0:92:Infinity":32,"s:93:0:93:Infinity":33,"s:94:0:94:Infinity":34}}}
,"/Users/susanvaldezalfaro/TiendaMarjorieActualizado2026.11Febrero/backend/controllers/reports.controller.js": {"path":"/Users/susanvaldezalfaro/TiendaMarjorieActualizado2026.11Febrero/backend/controllers/reports.controller.js","statementMap":{"0":{"start":{"line":4,"column":17},"end":{"line":4,"column":33}},"1":{"start":{"line":11,"column":2},"end":{"line":34,"column":null}},"2":{"start":{"line":12,"column":18},"end":{"line":19,"column":5}},"3":{"start":{"line":21,"column":19},"end":{"line":21,"column":42}},"4":{"start":{"line":23,"column":21},"end":{"line":28,"column":5}},"5":{"start":{"line":30,"column":4},"end":{"line":30,"column":null}},"6":{"start":{"line":32,"column":4},"end":{"line":32,"column":null}},"7":{"start":{"line":33,"column":4},"end":{"line":33,"column":null}},"8":{"start":{"line":41,"column":2},"end":{"line":54,"column":null}},"9":{"start":{"line":42,"column":19},"end":{"line":46,"column":6}},"10":{"start":{"line":48,"column":18},"end":{"line":48,"column":69}},"11":{"start":{"line":50,"column":4},"end":{"line":50,"column":null}},"12":{"start":{"line":52,"column":4},"end":{"line":52,"column":null}},"13":{"start":{"line":53,"column":4},"end":{"line":53,"column":null}},"14":{"start":{"line":61,"column":20},"end":{"line":61,"column":29}},"15":{"start":{"line":62,"column":2},"end":{"line":74,"column":null}},"16":{"start":{"line":63,"column":19},"end":{"line":68,"column":15}},"17":{"start":{"line":70,"column":4},"end":{"line":70,"column":null}},"18":{"start":{"line":72,"column":4},"end":{"line":72,"column":null}},"19":{"start":{"line":73,"column":4},"end":{"line":73,"column":null}},"20":{"start":{"line":78,"column":0},"end":{"line":78,"column":null}},"21":{"start":{"line":79,"column":0},"end":{"line":79,"column":null}},"22":{"start":{"line":80,"column":0},"end":{"line":80,"column":null}}},"fnMap":{"0":{"name":"getTopProduct","decl":{"start":{"line":10,"column":15},"end":{"line":10,"column":28}},"loc":{"start":{"line":10,"column":65},"end":{"line":35,"column":null}},"line":10},"1":{"name":"getDailySummary","decl":{"start":{"line":40,"column":15},"end":{"line":40,"column":30}},"loc":{"start":{"line":40,"column":67},"end":{"line":55,"column":null}},"line":40},"2":{"name":"getSalesByDate","decl":{"start":{"line":60,"column":15},"end":{"line":60,"column":29}},"loc":{"start":{"line":60,"column":66},"end":{"line":75,"column":null}},"line":60}},"branchMap":{"0":{"loc":{"start":{"line":10,"column":39},"end":{"line":10,"column":63}},"type":"default-arg","locations":[{"start":{"line":10,"column":61},"end":{"line":10,"column":63}}],"line":10},"1":{"loc":{"start":{"line":10,"column":41},"end":{"line":10,"column":56}},"type":"default-arg","locations":[{"start":{"line":10,"column":48},"end":{"line":10,"column":56}}],"line":10},"2":{"loc":{"start":{"line":23,"column":21},"end":{"line":28,"column":5}},"type":"binary-expr","locations":[{"start":{"line":23,"column":21},"end":{"line":23,"column":28}},{"start":{"line":23,"column":32},"end":{"line":28,"column":5}}],"line":23},"3":{"loc":{"start":{"line":40,"column":41},"end":{"line":40,"column":65}},"type":"default-arg","locations":[{"start":{"line":40,"column":63},"end":{"line":40,"column":65}}],"line":40},"4":{"loc":{"start":{"line":40,"column":43},"end":{"line":40,"column":58}},"type":"default-arg","locations":[{"start":{"line":40,"column":50},"end":{"line":40,"column":58}}],"line":40},"5":{"loc":{"start":{"line":48,"column":18},"end":{"line":48,"column":69}},"type":"binary-expr","locations":[{"start":{"line":48,"column":18},"end":{"line":48,"column":25}},{"start":{"line":48,"column":29},"end":{"line":48,"column":69}}],"line":48},"6":{"loc":{"start":{"line":60,"column":40},"end":{"line":60,"column":64}},"type":"default-arg","locations":[{"start":{"line":60,"column":62},"end":{"line":60,"column":64}}],"line":60},"7":{"loc":{"start":{"line":60,"column":42},"end":{"line":60,"column":57}},"type":"default-arg","locations":[{"start":{"line":60,"column":49},"end":{"line":60,"column":57}}],"line":60}},"s":{"0":1,"1":3,"2":3,"3":3,"4":2,"5":3,"6":1,"7":1,"8":1,"9":1,"10":1,"11":1,"12":0,"13":0,"14":1,"15":1,"16":1,"17":1,"18":0,"19":0,"20":1,"21":1,"22":1},"f":{"0":3,"1":1,"2":1},"b":{"0":[3],"1":[3],"2":[2,1],"3":[1],"4":[1],"5":[1,0],"6":[1],"7":[1]},"meta":{"lastBranch":8,"lastFunction":3,"lastStatement":23,"seen":{"s:4:17:4:33":0,"f:10:15:10:28":0,"b:10:61:10:63":0,"b:10:48:10:56":1,"s:11:2:34:Infinity":1,"s:12:18:19:5":2,"s:21:19:21:42":3,"s:23:21:28:5":4,"b:23:21:23:28:23:32:28:5":2,"s:30:4:30:Infinity":5,"s:32:4:32:Infinity":6,"s:33:4:33:Infinity":7,"f:40:15:40:30":1,"b:40:63:40:65":3,"b:40:50:40:58":4,"s:41:2:54:Infinity":8,"s:42:19:46:6":9,"s:48:18:48:69":10,"b:48:18:48:25:48:29:48:69":5,"s:50:4:50:Infinity":11,"s:52:4:52:Infinity":12,"s:53:4:53:Infinity":13,"f:60:15:60:29":2,"b:60:62:60:64":6,"b:60:49:60:57":7,"s:61:20:61:29":14,"s:62:2:74:Infinity":15,"s:63:19:68:15":16,"s:70:4:70:Infinity":17,"s:72:4:72:Infinity":18,"s:73:4:73:Infinity":19,"s:78:0:78:Infinity":20,"s:79:0:79:Infinity":21,"s:80:0:80:Infinity":22}}}
,"/Users/susanvaldezalfaro/TiendaMarjorieActualizado2026.11Febrero/backend/controllers/sales.controller.js": {"path":"/Users/susanvaldezalfaro/TiendaMarjorieActualizado2026.11Febrero/backend/controllers/sales.controller.js","statementMap":{"0":{"start":{"line":4,"column":17},"end":{"line":4,"column":33}},"1":{"start":{"line":7,"column":4},"end":{"line":12,"column":null}},"2":{"start":{"line":8,"column":23},"end":{"line":8,"column":83}},"3":{"start":{"line":9,"column":8},"end":{"line":9,"column":null}},"4":{"start":{"line":11,"column":8},"end":{"line":11,"column":null}},"5":{"start":{"line":16,"column":19},"end":{"line":16,"column":29}},"6":{"start":{"line":17,"column":4},"end":{"line":22,"column":null}},"7":{"start":{"line":18,"column":23},"end":{"line":18,"column":96}},"8":{"start":{"line":19,"column":8},"end":{"line":19,"column":null}},"9":{"start":{"line":21,"column":8},"end":{"line":21,"column":null}},"10":{"start":{"line":26,"column":37},"end":{"line":26,"column":45}},"11":{"start":{"line":27,"column":4},"end":{"line":33,"column":null}},"12":{"start":{"line":29,"column":8},"end":{"line":29,"column":null}},"13":{"start":{"line":30,"column":8},"end":{"line":30,"column":null}},"14":{"start":{"line":32,"column":8},"end":{"line":32,"column":null}},"15":{"start":{"line":38,"column":4},"end":{"line":81,"column":null}},"16":{"start":{"line":39,"column":8},"end":{"line":39,"column":null}},"17":{"start":{"line":40,"column":8},"end":{"line":40,"column":null}},"18":{"start":{"line":42,"column":25},"end":{"line":42,"column":26}},"19":{"start":{"line":43,"column":8},"end":{"line":57,"column":null}},"20":{"start":{"line":44,"column":31},"end":{"line":47,"column":13}},"21":{"start":{"line":49,"column":12},"end":{"line":49,"column":null}},"22":{"start":{"line":49,"column":39},"end":{"line":49,"column":null}},"23":{"start":{"line":50,"column":12},"end":{"line":50,"column":null}},"24":{"start":{"line":50,"column":51},"end":{"line":50,"column":null}},"25":{"start":{"line":52,"column":35},"end":{"line":54,"column":55}},"26":{"start":{"line":56,"column":12},"end":{"line":56,"column":null}},"27":{"start":{"line":59,"column":28},"end":{"line":62,"column":9}},"28":{"start":{"line":64,"column":25},"end":{"line":64,"column":43}},"29":{"start":{"line":65,"column":8},"end":{"line":68,"column":null}},"30":{"start":{"line":70,"column":8},"end":{"line":73,"column":null}},"31":{"start":{"line":71,"column":12},"end":{"line":71,"column":null}},"32":{"start":{"line":72,"column":12},"end":{"line":72,"column":null}},"33":{"start":{"line":75,"column":8},"end":{"line":75,"column":null}},"34":{"start":{"line":77,"column":8},"end":{"line":77,"column":null}},"35":{"start":{"line":77,"column":24},"end":{"line":77,"column":null}},"36":{"start":{"line":78,"column":8},"end":{"line":78,"column":null}},"37":{"start":{"line":80,"column":8},"end":{"line":80,"column":null}},"38":{"start":{"line":80,"column":24},"end":{"line":80,"column":null}},"39":{"start":{"line":85,"column":19},"end":{"line":85,"column":29}},"40":{"start":{"line":86,"column":24},"end":{"line":86,"column":63}},"41":{"start":{"line":87,"column":4},"end":{"line":87,"column":null}},"42":{"start":{"line":87,"column":22},"end":{"line":87,"column":null}},"43":{"start":{"line":89,"column":4},"end":{"line":98,"column":null}},"44":{"start":{"line":90,"column":25},"end":{"line":90,"column":111}},"45":{"start":{"line":91,"column":8},"end":{"line":95,"column":null}},"46":{"start":{"line":92,"column":12},"end":{"line":92,"column":null}},"47":{"start":{"line":94,"column":12},"end":{"line":94,"column":null}},"48":{"start":{"line":97,"column":8},"end":{"line":97,"column":null}},"49":{"start":{"line":101,"column":0},"end":{"line":101,"column":null}},"50":{"start":{"line":102,"column":0},"end":{"line":102,"column":null}},"51":{"start":{"line":103,"column":0},"end":{"line":103,"column":null}},"52":{"start":{"line":104,"column":0},"end":{"line":104,"column":null}},"53":{"start":{"line":105,"column":0},"end":{"line":105,"column":null}}},"fnMap":{"0":{"name":"getAllSales","decl":{"start":{"line":6,"column":15},"end":{"line":6,"column":26}},"loc":{"start":{"line":6,"column":63},"end":{"line":13,"column":null}},"line":6},"1":{"name":"getSaleDetail","decl":{"start":{"line":15,"column":15},"end":{"line":15,"column":28}},"loc":{"start":{"line":15,"column":65},"end":{"line":23,"column":null}},"line":15},"2":{"name":"createSale","decl":{"start":{"line":25,"column":15},"end":{"line":25,"column":25}},"loc":{"start":{"line":25,"column":62},"end":{"line":34,"column":null}},"line":25},"3":{"name":"processSaleInternally","decl":{"start":{"line":36,"column":15},"end":{"line":36,"column":36}},"loc":{"start":{"line":36,"column":76},"end":{"line":82,"column":null}},"line":36},"4":{"name":"updateStatus","decl":{"start":{"line":84,"column":15},"end":{"line":84,"column":27}},"loc":{"start":{"line":84,"column":64},"end":{"line":99,"column":null}},"line":84}},"branchMap":{"0":{"loc":{"start":{"line":6,"column":37},"end":{"line":6,"column":61}},"type":"default-arg","locations":[{"start":{"line":6,"column":59},"end":{"line":6,"column":61}}],"line":6},"1":{"loc":{"start":{"line":6,"column":39},"end":{"line":6,"column":54}},"type":"default-arg","locations":[{"start":{"line":6,"column":46},"end":{"line":6,"column":54}}],"line":6},"2":{"loc":{"start":{"line":15,"column":39},"end":{"line":15,"column":63}},"type":"default-arg","locations":[{"start":{"line":15,"column":61},"end":{"line":15,"column":63}}],"line":15},"3":{"loc":{"start":{"line":15,"column":41},"end":{"line":15,"column":56}},"type":"default-arg","locations":[{"start":{"line":15,"column":48},"end":{"line":15,"column":56}}],"line":15},"4":{"loc":{"start":{"line":25,"column":36},"end":{"line":25,"column":60}},"type":"default-arg","locations":[{"start":{"line":25,"column":58},"end":{"line":25,"column":60}}],"line":25},"5":{"loc":{"start":{"line":25,"column":38},"end":{"line":25,"column":53}},"type":"default-arg","locations":[{"start":{"line":25,"column":45},"end":{"line":25,"column":53}}],"line":25},"6":{"loc":{"start":{"line":36,"column":59},"end":{"line":36,"column":74}},"type":"default-arg","locations":[{"start":{"line":36,"column":66},"end":{"line":36,"column":74}}],"line":36},"7":{"loc":{"start":{"line":49,"column":12},"end":{"line":49,"column":null}},"type":"if","locations":[{"start":{"line":49,"column":12},"end":{"line":49,"column":null}},{"start":{},"end":{}}],"line":49},"8":{"loc":{"start":{"line":50,"column":12},"end":{"line":50,"column":null}},"type":"if","locations":[{"start":{"line":50,"column":12},"end":{"line":50,"column":null}},{"start":{},"end":{}}],"line":50},"9":{"loc":{"start":{"line":52,"column":35},"end":{"line":54,"column":55}},"type":"cond-expr","locations":[{"start":{"line":53,"column":37},"end":{"line":53,"column":null}},{"start":{"line":54,"column":37},"end":{"line":54,"column":55}}],"line":52},"10":{"loc":{"start":{"line":52,"column":36},"end":{"line":52,"column":96}},"type":"binary-expr","locations":[{"start":{"line":52,"column":36},"end":{"line":52,"column":64}},{"start":{"line":52,"column":68},"end":{"line":52,"column":96}}],"line":52},"11":{"loc":{"start":{"line":77,"column":8},"end":{"line":77,"column":null}},"type":"if","locations":[{"start":{"line":77,"column":8},"end":{"line":77,"column":null}},{"start":{},"end":{}}],"line":77},"12":{"loc":{"start":{"line":80,"column":8},"end":{"line":80,"column":null}},"type":"if","locations":[{"start":{"line":80,"column":8},"end":{"line":80,"column":null}},{"start":{},"end":{}}],"line":80},"13":{"loc":{"start":{"line":84,"column":38},"end":{"line":84,"column":62}},"type":"default-arg","locations":[{"start":{"line":84,"column":60},"end":{"line":84,"column":62}}],"line":84},"14":{"loc":{"start":{"line":84,"column":40},"end":{"line":84,"column":55}},"type":"default-arg","locations":[{"start":{"line":84,"column":47},"end":{"line":84,"column":55}}],"line":84},"15":{"loc":{"start":{"line":86,"column":24},"end":{"line":86,"column":63}},"type":"binary-expr","locations":[{"start":{"line":86,"column":24},"end":{"line":86,"column":39}},{"start":{"line":86,"column":43},"end":{"line":86,"column":63}}],"line":86},"16":{"loc":{"start":{"line":87,"column":4},"end":{"line":87,"column":null}},"type":"if","locations":[{"start":{"line":87,"column":4},"end":{"line":87,"column":null}},{"start":{},"end":{}}],"line":87},"17":{"loc":{"start":{"line":91,"column":8},"end":{"line":95,"column":null}},"type":"if","locations":[{"start":{"line":91,"column":8},"end":{"line":95,"column":null}},{"start":{"line":93,"column":15},"end":{"line":95,"column":null}}],"line":91}},"s":{"0":1,"1":1,"2":1,"3":1,"4":0,"5":1,"6":1,"7":1,"8":0,"9":1,"10":2,"11":2,"12":2,"13":1,"14":1,"15":2,"16":2,"17":2,"18":2,"19":2,"20":2,"21":2,"22":0,"23":2,"24":1,"25":1,"26":2,"27":1,"28":1,"29":1,"30":1,"31":1,"32":1,"33":1,"34":1,"35":1,"36":1,"37":2,"38":2,"39":2,"40":2,"41":2,"42":0,"43":2,"44":2,"45":2,"46":1,"47":1,"48":0,"49":1,"50":1,"51":1,"52":1,"53":1},"f":{"0":1,"1":1,"2":2,"3":2,"4":2},"b":{"0":[1],"1":[1],"2":[1],"3":[1],"4":[2],"5":[2],"6":[2],"7":[0,2],"8":[1,1],"9":[0,1],"10":[1,0],"11":[1,0],"12":[2,0],"13":[2],"14":[2],"15":[2,0],"16":[0,2],"17":[1,1]},"meta":{"lastBranch":18,"lastFunction":5,"lastStatement":54,"seen":{"s:4:17:4:33":0,"f:6:15:6:26":0,"b:6:59:6:61":0,"b:6:46:6:54":1,"s:7:4:12:Infinity":1,"s:8:23:8:83":2,"s:9:8:9:Infinity":3,"s:11:8:11:Infinity":4,"f:15:15:15:28":1,"b:15:61:15:63":2,"b:15:48:15:56":3,"s:16:19:16:29":5,"s:17:4:22:Infinity":6,"s:18:23:18:96":7,"s:19:8:19:Infinity":8,"s:21:8:21:Infinity":9,"f:25:15:25:25":2,"b:25:58:25:60":4,"b:25:45:25:53":5,"s:26:37:26:45":10,"s:27:4:33:Infinity":11,"s:29:8:29:Infinity":12,"s:30:8:30:Infinity":13,"s:32:8:32:Infinity":14,"f:36:15:36:36":3,"b:36:66:36:74":6,"s:38:4:81:Infinity":15,"s:39:8:39:Infinity":16,"s:40:8:40:Infinity":17,"s:42:25:42:26":18,"s:43:8:57:Infinity":19,"s:44:31:47:13":20,"b:49:12:49:Infinity:undefined:undefined:undefined:undefined":7,"s:49:12:49:Infinity":21,"s:49:39:49:Infinity":22,"b:50:12:50:Infinity:undefined:undefined:undefined:undefined":8,"s:50:12:50:Infinity":23,"s:50:51:50:Infinity":24,"s:52:35:54:55":25,"b:53:37:53:Infinity:54:37:54:55":9,"b:52:36:52:64:52:68:52:96":10,"s:56:12:56:Infinity":26,"s:59:28:62:9":27,"s:64:25:64:43":28,"s:65:8:68:Infinity":29,"s:70:8:73:Infinity":30,"s:71:12:71:Infinity":31,"s:72:12:72:Infinity":32,"s:75:8:75:Infinity":33,"b:77:8:77:Infinity:undefined:undefined:undefined:undefined":11,"s:77:8:77:Infinity":34,"s:77:24:77:Infinity":35,"s:78:8:78:Infinity":36,"b:80:8:80:Infinity:undefined:undefined:undefined:undefined":12,"s:80:8:80:Infinity":37,"s:80:24:80:Infinity":38,"f:84:15:84:27":4,"b:84:60:84:62":13,"b:84:47:84:55":14,"s:85:19:85:29":39,"s:86:24:86:63":40,"b:86:24:86:39:86:43:86:63":15,"b:87:4:87:Infinity:undefined:undefined:undefined:undefined":16,"s:87:4:87:Infinity":41,"s:87:22:87:Infinity":42,"s:89:4:98:Infinity":43,"s:90:25:90:111":44,"b:91:8:95:Infinity:93:15:95:Infinity":17,"s:91:8:95:Infinity":45,"s:92:12:92:Infinity":46,"s:94:12:94:Infinity":47,"s:97:8:97:Infinity":48,"s:101:0:101:Infinity":49,"s:102:0:102:Infinity":50,"s:103:0:103:Infinity":51,"s:104:0:104:Infinity":52,"s:105:0:105:Infinity":53}}}
}
